<?xml version="1.0" encoding="UTF-8"?>
<!-- Generated by org.testng.reporters.JUnitXMLReporter -->
<testsuite ignored="0" hostname="LAPTOP-DSQ6HK8O" failures="1" tests="1" name="Test" time="0.902" errors="0" timestamp="2023-01-23T20:41:12 IST">
  <testcase classname="com.Ecommerece.TestClass.TC_LoginDataTestcase_Ecommerece" name="LoginData" time="0.0">
    <failure type="org.testng.TestNGException" message="
Data Provider public void com.Ecommerece.TestClass.TC_LoginDataTestcase_Ecommerece.DataLogin() throws java.io.IOException returned a null value">
      <![CDATA[org.testng.TestNGException: 
Data Provider public void com.Ecommerece.TestClass.TC_LoginDataTestcase_Ecommerece.DataLogin() throws java.io.IOException returned a null value
at java.base/java.util.ArrayList.forEach(ArrayList.java:1511)
... Removed 24 stack frames]]>
    </failure>
  </testcase> <!-- LoginData -->
</testsuite> <!-- Test -->
