<?xml version="1.0" encoding="UTF-8"?>
<testng-results ignored="0" total="4" passed="4" failed="0" skipped="0">
  <reporter-output>
  </reporter-output>
  <suite started-at="2023-01-23T19:49:37 IST" name="Suite" finished-at="2023-01-23T19:50:53 IST" duration-ms="76580">
    <groups>
    </groups>
    <test started-at="2023-01-23T19:49:37 IST" name="Test" finished-at="2023-01-23T19:50:53 IST" duration-ms="76580">
      <class name="com.Ecommerece.TestClass.TC_LoginDataTestcase_Ecommerece">
        <test-method is-config="true" signature="Setup(java.lang.String)[pri:0, instance:com.Ecommerece.TestClass.TC_LoginDataTestcase_Ecommerece@6a84a97d]" started-at="2023-01-23T19:49:38 IST" name="Setup" finished-at="2023-01-23T19:49:46 IST" duration-ms="7145" status="PASS">
          <params>
            <param index="0">
              <value>
                <![CDATA[chrome]]>
              </value>
            </param>
          </params>
          <reporter-output>
          </reporter-output>
        </test-method> <!-- Setup -->
        <test-method signature="LoginData(java.lang.String,java.lang.String,java.lang.String)[pri:0, instance:com.Ecommerece.TestClass.TC_LoginDataTestcase_Ecommerece@6a84a97d]" started-at="2023-01-23T19:49:46 IST" name="LoginData" data-provider="LoginData" finished-at="2023-01-23T19:49:56 IST" duration-ms="10100" status="PASS">
          <params>
            <param index="0">
              <value>
                <![CDATA[vishal.gadade14@gmail.com]]>
              </value>
            </param>
            <param index="1">
              <value>
                <![CDATA[nop123]]>
              </value>
            </param>
            <param index="2">
              <value>
                <![CDATA[valid]]>
              </value>
            </param>
          </params>
          <reporter-output>
          </reporter-output>
        </test-method> <!-- LoginData -->
        <test-method is-config="true" signature="TearDown()[pri:0, instance:com.Ecommerece.TestClass.TC_LoginDataTestcase_Ecommerece@6a84a97d]" started-at="2023-01-23T19:49:56 IST" name="TearDown" finished-at="2023-01-23T19:49:56 IST" duration-ms="298" status="PASS">
          <reporter-output>
          </reporter-output>
        </test-method> <!-- TearDown -->
        <test-method is-config="true" signature="Setup(java.lang.String)[pri:0, instance:com.Ecommerece.TestClass.TC_LoginDataTestcase_Ecommerece@6a84a97d]" started-at="2023-01-23T19:49:56 IST" name="Setup" finished-at="2023-01-23T19:50:01 IST" duration-ms="4747" status="PASS">
          <params>
            <param index="0">
              <value>
                <![CDATA[chrome]]>
              </value>
            </param>
          </params>
          <reporter-output>
          </reporter-output>
        </test-method> <!-- Setup -->
        <test-method signature="LoginData(java.lang.String,java.lang.String,java.lang.String)[pri:0, instance:com.Ecommerece.TestClass.TC_LoginDataTestcase_Ecommerece@6a84a97d]" started-at="2023-01-23T19:50:01 IST" name="LoginData" data-provider="LoginData" finished-at="2023-01-23T19:50:12 IST" duration-ms="10965" status="PASS">
          <params>
            <param index="0">
              <value>
                <![CDATA[vishal.gadade14@gmail.com]]>
              </value>
            </param>
            <param index="1">
              <value>
                <![CDATA[old_pass]]>
              </value>
            </param>
            <param index="2">
              <value>
                <![CDATA[invalid]]>
              </value>
            </param>
          </params>
          <reporter-output>
          </reporter-output>
        </test-method> <!-- LoginData -->
        <test-method is-config="true" signature="TearDown()[pri:0, instance:com.Ecommerece.TestClass.TC_LoginDataTestcase_Ecommerece@6a84a97d]" started-at="2023-01-23T19:50:12 IST" name="TearDown" finished-at="2023-01-23T19:50:12 IST" duration-ms="331" status="PASS">
          <reporter-output>
          </reporter-output>
        </test-method> <!-- TearDown -->
        <test-method is-config="true" signature="Setup(java.lang.String)[pri:0, instance:com.Ecommerece.TestClass.TC_LoginDataTestcase_Ecommerece@6a84a97d]" started-at="2023-01-23T19:50:12 IST" name="Setup" finished-at="2023-01-23T19:50:17 IST" duration-ms="4553" status="PASS">
          <params>
            <param index="0">
              <value>
                <![CDATA[chrome]]>
              </value>
            </param>
          </params>
          <reporter-output>
          </reporter-output>
        </test-method> <!-- Setup -->
        <test-method signature="LoginData(java.lang.String,java.lang.String,java.lang.String)[pri:0, instance:com.Ecommerece.TestClass.TC_LoginDataTestcase_Ecommerece@6a84a97d]" started-at="2023-01-23T19:50:17 IST" name="LoginData" data-provider="LoginData" finished-at="2023-01-23T19:50:28 IST" duration-ms="10955" status="PASS">
          <params>
            <param index="0">
              <value>
                <![CDATA[user_123@gmai.lcom]]>
              </value>
            </param>
            <param index="1">
              <value>
                <![CDATA[nop123]]>
              </value>
            </param>
            <param index="2">
              <value>
                <![CDATA[Invalid]]>
              </value>
            </param>
          </params>
          <reporter-output>
          </reporter-output>
        </test-method> <!-- LoginData -->
        <test-method is-config="true" signature="TearDown()[pri:0, instance:com.Ecommerece.TestClass.TC_LoginDataTestcase_Ecommerece@6a84a97d]" started-at="2023-01-23T19:50:28 IST" name="TearDown" finished-at="2023-01-23T19:50:28 IST" duration-ms="234" status="PASS">
          <reporter-output>
          </reporter-output>
        </test-method> <!-- TearDown -->
        <test-method is-config="true" signature="Setup(java.lang.String)[pri:0, instance:com.Ecommerece.TestClass.TC_LoginDataTestcase_Ecommerece@6a84a97d]" started-at="2023-01-23T19:50:28 IST" name="Setup" finished-at="2023-01-23T19:50:42 IST" duration-ms="14536" status="PASS">
          <params>
            <param index="0">
              <value>
                <![CDATA[chrome]]>
              </value>
            </param>
          </params>
          <reporter-output>
          </reporter-output>
        </test-method> <!-- Setup -->
        <test-method signature="LoginData(java.lang.String,java.lang.String,java.lang.String)[pri:0, instance:com.Ecommerece.TestClass.TC_LoginDataTestcase_Ecommerece@6a84a97d]" started-at="2023-01-23T19:50:42 IST" name="LoginData" data-provider="LoginData" finished-at="2023-01-23T19:50:53 IST" duration-ms="10760" status="PASS">
          <params>
            <param index="0">
              <value>
                <![CDATA[user_289@gail.com]]>
              </value>
            </param>
            <param index="1">
              <value>
                <![CDATA[pass_123]]>
              </value>
            </param>
            <param index="2">
              <value>
                <![CDATA[Invalid]]>
              </value>
            </param>
          </params>
          <reporter-output>
          </reporter-output>
        </test-method> <!-- LoginData -->
        <test-method is-config="true" signature="TearDown()[pri:0, instance:com.Ecommerece.TestClass.TC_LoginDataTestcase_Ecommerece@6a84a97d]" started-at="2023-01-23T19:50:53 IST" name="TearDown" finished-at="2023-01-23T19:50:53 IST" duration-ms="253" status="PASS">
          <reporter-output>
          </reporter-output>
        </test-method> <!-- TearDown -->
      </class> <!-- com.Ecommerece.TestClass.TC_LoginDataTestcase_Ecommerece -->
    </test> <!-- Test -->
  </suite> <!-- Suite -->
</testng-results>
